<?xml version="1.0" encoding="UTF-8"?>
<testsuite hostname="Bumblebee-PC" name="Tests.providerTest" tests="8" failures="0" timestamp="14 Dec 2014 17:39:11 GMT" time="0.02" errors="0">
  <testcase name="Tests" time="0.0" classname="Tests.providerTest"/>
  <testcase name="Tests" time="0.0" classname="Tests.providerTest"/>
  <testcase name="Tests2" time="0.0" classname="Tests.providerTest"/>
  <testcase name="Tests2" time="0.0" classname="Tests.providerTest"/>
  <testcase name="A" time="0.0" classname="Tests.providerTest"/>
  <testcase name="A" time="0.0" classname="Tests.providerTest"/>
  <testcase name="B" time="0.0" classname="Tests.providerTest"/>
  <testcase name="B" time="0.0" classname="Tests.providerTest"/>
</testsuite>
